{"/Users/qiczhang/Documents/js/ts-enum/src/class.ts": {"path":"/Users/qiczhang/Documents/js/ts-enum/src/class.ts","statementMap":{"0":{"start":{"line":8,"column":19},"end":{"line":8,"column":54}},"1":{"start":{"line":10,"column":10},"end":{"line":10,"column":null}},"2":{"start":{"line":22,"column":4},"end":{"line":22,"column":null}},"3":{"start":{"line":28,"column":8},"end":{"line":28,"column":10}},"4":{"start":{"line":30,"column":4},"end":{"line":33,"column":null}},"5":{"start":{"line":31,"column":20},"end":{"line":31,"column":69}},"6":{"start":{"line":32,"column":6},"end":{"line":32,"column":null}},"7":{"start":{"line":35,"column":4},"end":{"line":35,"column":null}},"8":{"start":{"line":39,"column":4},"end":{"line":39,"column":null}},"9":{"start":{"line":39,"column":42},"end":{"line":39,"column":91}},"10":{"start":{"line":43,"column":4},"end":{"line":43,"column":null}},"11":{"start":{"line":47,"column":4},"end":{"line":47,"column":null}},"12":{"start":{"line":51,"column":4},"end":{"line":51,"column":null}},"13":{"start":{"line":9,"column":0},"end":{"line":9,"column":13}}},"fnMap":{"0":{"name":"(anonymous_0)","decl":{"start":{"line":20,"column":2},"end":{"line":20,"column":14}},"loc":{"start":{"line":20,"column":22},"end":{"line":23,"column":3}}},"1":{"name":"(anonymous_1)","decl":{"start":{"line":25,"column":10},"end":{"line":25,"column":20}},"loc":{"start":{"line":25,"column":52},"end":{"line":36,"column":3}}},"2":{"name":"(anonymous_2)","decl":{"start":{"line":30,"column":26},"end":{"line":30,"column":30}},"loc":{"start":{"line":30,"column":33},"end":{"line":33,"column":5}}},"3":{"name":"(anonymous_3)","decl":{"start":{"line":38,"column":2},"end":{"line":38,"column":12}},"loc":{"start":{"line":38,"column":12},"end":{"line":40,"column":3}}},"4":{"name":"(anonymous_4)","decl":{"start":{"line":39,"column":33},"end":{"line":39,"column":37}},"loc":{"start":{"line":39,"column":42},"end":{"line":39,"column":91}}},"5":{"name":"(anonymous_5)","decl":{"start":{"line":42,"column":2},"end":{"line":42,"column":11}},"loc":{"start":{"line":42,"column":11},"end":{"line":44,"column":3}}},"6":{"name":"(anonymous_6)","decl":{"start":{"line":46,"column":2},"end":{"line":46,"column":11}},"loc":{"start":{"line":46,"column":11},"end":{"line":48,"column":3}}},"7":{"name":"(anonymous_7)","decl":{"start":{"line":50,"column":2},"end":{"line":50,"column":10}},"loc":{"start":{"line":50,"column":10},"end":{"line":52,"column":3}}}},"branchMap":{},"s":{"0":1,"1":4,"2":4,"3":3,"4":3,"5":6,"6":6,"7":3,"8":1,"9":2,"10":1,"11":1,"12":1,"13":1},"f":{"0":4,"1":3,"2":6,"3":1,"4":2,"5":1,"6":1,"7":1},"b":{}}
,"/Users/qiczhang/Documents/js/ts-enum/src/func.ts": {"path":"/Users/qiczhang/Documents/js/ts-enum/src/func.ts","statementMap":{"0":{"start":{"line":23,"column":2},"end":{"line":25,"column":3}},"1":{"start":{"line":23,"column":23},"end":{"line":23,"column":86}},"2":{"start":{"line":23,"column":76},"end":{"line":23,"column":85}},"3":{"start":{"line":24,"column":4},"end":{"line":24,"column":null}},"4":{"start":{"line":26,"column":16},"end":{"line":26,"column":35}},"5":{"start":{"line":28,"column":2},"end":{"line":28,"column":null}},"6":{"start":{"line":29,"column":2},"end":{"line":29,"column":null}},"7":{"start":{"line":31,"column":2},"end":{"line":42,"column":null}},"8":{"start":{"line":32,"column":31},"end":{"line":32,"column":33}},"9":{"start":{"line":33,"column":4},"end":{"line":40,"column":null}},"10":{"start":{"line":34,"column":45},"end":{"line":34,"column":47}},"11":{"start":{"line":35,"column":6},"end":{"line":37,"column":null}},"12":{"start":{"line":36,"column":8},"end":{"line":36,"column":null}},"13":{"start":{"line":39,"column":6},"end":{"line":39,"column":null}},"14":{"start":{"line":41,"column":4},"end":{"line":41,"column":null}},"15":{"start":{"line":44,"column":2},"end":{"line":64,"column":null}},"16":{"start":{"line":46,"column":4},"end":{"line":63,"column":null}},"17":{"start":{"line":49,"column":10},"end":{"line":49,"column":12}},"18":{"start":{"line":51,"column":6},"end":{"line":60,"column":null}},"19":{"start":{"line":54,"column":12},"end":{"line":54,"column":14}},"20":{"start":{"line":55,"column":8},"end":{"line":57,"column":null}},"21":{"start":{"line":56,"column":10},"end":{"line":56,"column":null}},"22":{"start":{"line":59,"column":8},"end":{"line":59,"column":null}},"23":{"start":{"line":62,"column":6},"end":{"line":62,"column":null}},"24":{"start":{"line":66,"column":2},"end":{"line":66,"column":null}},"25":{"start":{"line":19,"column":0},"end":{"line":19,"column":16}},"26":{"start":{"line":79,"column":23},"end":{"line":79,"column":58}},"27":{"start":{"line":80,"column":2},"end":{"line":80,"column":null}},"28":{"start":{"line":78,"column":0},"end":{"line":78,"column":16}},"29":{"start":{"line":83,"column":26},"end":{"line":84,"column":73}},"30":{"start":{"line":84,"column":2},"end":{"line":84,"column":73}},"31":{"start":{"line":84,"column":54},"end":{"line":84,"column":72}},"32":{"start":{"line":83,"column":13},"end":{"line":83,"column":26}}},"fnMap":{"0":{"name":"createCustomEnum","decl":{"start":{"line":19,"column":16},"end":{"line":19,"column":32}},"loc":{"start":{"line":21,"column":9},"end":{"line":67,"column":1}}},"1":{"name":"(anonymous_1)","decl":{"start":{"line":23,"column":16},"end":{"line":23,"column":19}},"loc":{"start":{"line":23,"column":23},"end":{"line":23,"column":86}}},"2":{"name":"(anonymous_2)","decl":{"start":{"line":23,"column":71},"end":{"line":23,"column":72}},"loc":{"start":{"line":23,"column":76},"end":{"line":23,"column":85}}},"3":{"name":"(anonymous_3)","decl":{"start":{"line":31,"column":21},"end":{"line":31,"column":24}},"loc":{"start":{"line":31,"column":26},"end":{"line":42,"column":3}}},"4":{"name":"(anonymous_4)","decl":{"start":{"line":33,"column":31},"end":{"line":33,"column":35}},"loc":{"start":{"line":33,"column":38},"end":{"line":40,"column":5}}},"5":{"name":"(anonymous_5)","decl":{"start":{"line":35,"column":33},"end":{"line":35,"column":34}},"loc":{"start":{"line":35,"column":48},"end":{"line":37,"column":7}}},"6":{"name":"(anonymous_6)","decl":{"start":{"line":44,"column":29},"end":{"line":44,"column":30}},"loc":{"start":{"line":44,"column":44},"end":{"line":64,"column":3}}},"7":{"name":"(anonymous_7)","decl":{"start":{"line":46,"column":38},"end":{"line":46,"column":41}},"loc":{"start":{"line":46,"column":43},"end":{"line":63,"column":5}}},"8":{"name":"(anonymous_8)","decl":{"start":{"line":51,"column":33},"end":{"line":51,"column":34}},"loc":{"start":{"line":51,"column":49},"end":{"line":60,"column":7}}},"9":{"name":"(anonymous_9)","decl":{"start":{"line":55,"column":21},"end":{"line":55,"column":22}},"loc":{"start":{"line":55,"column":34},"end":{"line":57,"column":9}}},"10":{"name":"createTsEnum","decl":{"start":{"line":78,"column":16},"end":{"line":78,"column":28}},"loc":{"start":{"line":78,"column":63},"end":{"line":81,"column":1}}},"11":{"name":"(anonymous_11)","decl":{"start":{"line":83,"column":26},"end":{"line":83,"column":27}},"loc":{"start":{"line":84,"column":2},"end":{"line":84,"column":73}}},"12":{"name":"(anonymous_12)","decl":{"start":{"line":84,"column":46},"end":{"line":84,"column":50}},"loc":{"start":{"line":84,"column":54},"end":{"line":84,"column":72}}}},"branchMap":{"0":{"loc":{"start":{"line":23,"column":2},"end":{"line":25,"column":3}},"type":"if","locations":[{"start":{"line":23,"column":2},"end":{"line":25,"column":3}}]}},"s":{"0":3,"1":10,"2":30,"3":1,"4":2,"5":2,"6":2,"7":2,"8":1,"9":1,"10":2,"11":2,"12":6,"13":2,"14":1,"15":2,"16":6,"17":1,"18":1,"19":2,"20":2,"21":6,"22":2,"23":1,"24":2,"25":1,"26":2,"27":2,"28":1,"29":1,"30":6,"31":6,"32":1},"f":{"0":3,"1":10,"2":30,"3":1,"4":2,"5":6,"6":6,"7":1,"8":2,"9":6,"10":2,"11":6,"12":6},"b":{"0":[1]}}
}
