TN:
SF:src\index.func.ts
FN:19,createCustomEnum
FN:23,(anonymous_1)
FN:23,(anonymous_2)
FN:31,(anonymous_3)
FN:33,(anonymous_4)
FN:35,(anonymous_5)
FN:44,(anonymous_6)
FN:46,(anonymous_7)
FN:51,(anonymous_8)
FN:55,(anonymous_9)
FN:78,createTsEnum
FN:83,(anonymous_11)
FN:84,(anonymous_12)
FNF:13
FNH:13
FNDA:2,createCustomEnum
FNDA:6,(anonymous_1)
FNDA:18,(anonymous_2)
FNDA:1,(anonymous_3)
FNDA:2,(anonymous_4)
FNDA:6,(anonymous_5)
FNDA:6,(anonymous_6)
FNDA:1,(anonymous_7)
FNDA:2,(anonymous_8)
FNDA:6,(anonymous_9)
FNDA:2,createTsEnum
FNDA:6,(anonymous_11)
FNDA:6,(anonymous_12)
DA:19,1
DA:23,18
DA:24,0
DA:26,2
DA:28,2
DA:29,2
DA:31,2
DA:32,1
DA:33,1
DA:34,2
DA:35,2
DA:36,6
DA:39,2
DA:41,1
DA:44,2
DA:46,6
DA:49,1
DA:51,1
DA:54,2
DA:55,2
DA:56,6
DA:59,2
DA:62,1
DA:66,2
DA:78,1
DA:79,2
DA:80,2
DA:83,1
DA:84,6
LF:29
LH:28
BRDA:23,0,0,0
BRF:1
BRH:0
end_of_record
